 Data
   Setup
     Main
     Global
     Units-Sets
     Account-Info
     Diagnostics
     Sim-Options
     Sys-Options
     Run-Control
     Stream-Class
     Description
     Custom-Uom
     ReportOptions
   Pure Databanks
     Input
     Output
     CC Nodes
     Comments
   Components
     Specifications
     Assay/Blend
     LightEndProperties
     PetroCharacterization
     Pseudocomponents
     Attr-Comps
     Henry-Comps
     UNIFAC-Groups
     Comp-Groups
     Comp-Lists
     Polymers
   Properties
     Specifications
     Property Methods
     Estimation
     Molecular Structure
     Parameters
     Data
     Analysis
     Prop-Sets
     Advanced
   Flowsheet
     Section
     Def-Streams
   Streams
   Blocks
   Reactions
     Chemistry
     Reactions
   Convergence
     Conv-Options
     EO-Conv-Options
     Tear
     Convergence
     Conv-Order
     Sequence
   Costing
     Cost-Options
     Equipment
     Labor-Cost
     Cost-Section
     Capital-Cost
     Materials
     Utility
     Operating-Cost
     Profit
   Flowsheeting Options
     Design-Spec
     Calculator
     Transfer
     Stream-Lib
     Balance
     Pres-Relief
     Add-Input
     Measurement
   Model Analysis Tools
     Sensitivity
     Optimization
     Constraint
     Data-Fit
     Case-Study
   EO Configuration
     Solve-Options
     EO Input
     Aliases
     Objective
     Spec Groups
     Connection
     Ports
     Model Options
     Local Scripts
     Global Scripts
     Script Method
     EO-Sensitivity
     EO VarGrid
   Results Summary
     Stream-Sum
     Conv-Sum
